2020-12-24 00:05:54.216  INFO 14516 --- [Thread-58] o.s.s.concurrent.ThreadPoolTaskExecutor  : Shutting down ExecutorService 'applicationTaskExecutor'
2020-12-24 00:05:54.339  INFO 14516 --- [restartedMain] c.assignment.lab.AssignmentApplication   : Starting AssignmentApplication using Java 11.0.7 on DESKTOP-2ETQQKR with PID 14516 (D:\Mareana\EncryptPropertiesCpvMdh\Assignment\target\classes started by hp in D:\Mareana\EncryptPropertiesCpvMdh\Assignment)
2020-12-24 00:05:54.340  INFO 14516 --- [restartedMain] c.assignment.lab.AssignmentApplication   : No active profile set, falling back to default profiles: default
2020-12-24 00:05:54.547  INFO 14516 --- [restartedMain] o.s.b.w.embedded.tomcat.TomcatWebServer  : Tomcat initialized with port(s): 8088 (http)
2020-12-24 00:05:54.549  INFO 14516 --- [restartedMain] o.apache.catalina.core.StandardService   : Starting service [Tomcat]
2020-12-24 00:05:54.549  INFO 14516 --- [restartedMain] org.apache.catalina.core.StandardEngine  : Starting Servlet engine: [Apache Tomcat/9.0.41]
2020-12-24 00:05:54.565  INFO 14516 --- [restartedMain] o.a.c.c.C.[Tomcat].[localhost].[/]       : Initializing Spring embedded WebApplicationContext
2020-12-24 00:05:54.565  INFO 14516 --- [restartedMain] w.s.c.ServletWebServerApplicationContext : Root WebApplicationContext: initialization completed in 222 ms
2020-12-24 00:05:54.595  INFO 14516 --- [restartedMain] o.s.s.concurrent.ThreadPoolTaskExecutor  : Initializing ExecutorService 'applicationTaskExecutor'
2020-12-24 00:05:54.619  INFO 14516 --- [restartedMain] o.s.b.d.a.OptionalLiveReloadServer       : LiveReload server is running on port 35729
2020-12-24 00:05:54.628  INFO 14516 --- [restartedMain] o.s.b.w.embedded.tomcat.TomcatWebServer  : Tomcat started on port(s): 8088 (http) with context path ''
2020-12-24 00:05:54.632  INFO 14516 --- [restartedMain] c.assignment.lab.AssignmentApplication   : Started AssignmentApplication in 0.362 seconds (JVM running for 2573.319)
2020-12-24 00:05:54.634  INFO 14516 --- [restartedMain] .ConditionEvaluationDeltaLoggingListener : Condition evaluation unchanged
2020-12-24 00:05:56.771  INFO 14516 --- [RMI TCP Connection(5)-127.0.0.1] inMXBeanRegistrar$SpringApplicationAdmin : Application shutdown requested.
2020-12-24 00:05:57.026  INFO 14516 --- [RMI TCP Connection(5)-127.0.0.1] o.s.s.concurrent.ThreadPoolTaskExecutor  : Shutting down ExecutorService 'applicationTaskExecutor'
2020-12-24 00:12:48.616  INFO 6452 --- [restartedMain] c.assignment.lab.AssignmentApplication   : Starting AssignmentApplication using Java 11.0.7 on DESKTOP-2ETQQKR with PID 6452 (D:\Mareana\EncryptPropertiesCpvMdh\Assignment\target\classes started by hp in D:\Mareana\EncryptPropertiesCpvMdh\Assignment)
2020-12-24 00:12:48.620  INFO 6452 --- [restartedMain] c.assignment.lab.AssignmentApplication   : No active profile set, falling back to default profiles: default
2020-12-24 00:12:48.699  INFO 6452 --- [restartedMain] o.s.b.devtools.restart.ChangeableUrls    : The Class-Path manifest attribute in C:\Users\hp\.m2\repository\com\oracle\database\jdbc\ojdbc8\19.8.0.0\ojdbc8-19.8.0.0.jar referenced one or more files that do not exist: file:/C:/Users/hp/.m2/repository/com/oracle/database/jdbc/ojdbc8/19.8.0.0/oraclepki.jar
2020-12-24 00:12:48.700  INFO 6452 --- [restartedMain] o.s.b.devtools.restart.ChangeableUrls    : The Class-Path manifest attribute in C:\Users\hp\.m2\repository\com\oracle\ojdbc\ojdbc8\19.3.0.0\ojdbc8-19.3.0.0.jar referenced one or more files that do not exist: file:/C:/Users/hp/.m2/repository/com/oracle/ojdbc/ojdbc8/19.3.0.0/oraclepki.jar
2020-12-24 00:12:48.700  INFO 6452 --- [restartedMain] o.s.b.devtools.restart.ChangeableUrls    : The Class-Path manifest attribute in C:\Users\hp\.m2\repository\com\oracle\ojdbc\oraclepki\19.3.0.0\oraclepki-19.3.0.0.jar referenced one or more files that do not exist: file:/C:/Users/hp/.m2/repository/com/oracle/ojdbc/oraclepki/19.3.0.0/osdt_core.jar,file:/C:/Users/hp/.m2/repository/com/oracle/ojdbc/oraclepki/19.3.0.0/osdt_cert.jar,file:/C:/Users/hp/.m2/repository/com/oracle/ojdbc/oraclepki/oracle.osdt/osdt_core.jar,file:/C:/Users/hp/.m2/repository/com/oracle/ojdbc/oraclepki/oracle.osdt/osdt_cert.jar
2020-12-24 00:12:48.701  INFO 6452 --- [restartedMain] .e.DevToolsPropertyDefaultsPostProcessor : Devtools property defaults active! Set 'spring.devtools.add-properties' to 'false' to disable
2020-12-24 00:12:48.703  INFO 6452 --- [restartedMain] .e.DevToolsPropertyDefaultsPostProcessor : For additional web related logging consider setting the 'logging.level.web' property to 'DEBUG'
2020-12-24 00:12:49.685  INFO 6452 --- [restartedMain] o.s.b.w.embedded.tomcat.TomcatWebServer  : Tomcat initialized with port(s): 8088 (http)
2020-12-24 00:12:49.694  INFO 6452 --- [restartedMain] o.apache.catalina.core.StandardService   : Starting service [Tomcat]
2020-12-24 00:12:49.694  INFO 6452 --- [restartedMain] org.apache.catalina.core.StandardEngine  : Starting Servlet engine: [Apache Tomcat/9.0.41]
2020-12-24 00:12:49.757  INFO 6452 --- [restartedMain] o.a.c.c.C.[Tomcat].[localhost].[/]       : Initializing Spring embedded WebApplicationContext
2020-12-24 00:12:49.757  INFO 6452 --- [restartedMain] w.s.c.ServletWebServerApplicationContext : Root WebApplicationContext: initialization completed in 1053 ms
2020-12-24 00:12:50.010  INFO 6452 --- [restartedMain] o.s.s.concurrent.ThreadPoolTaskExecutor  : Initializing ExecutorService 'applicationTaskExecutor'
2020-12-24 00:12:50.187  INFO 6452 --- [restartedMain] o.s.b.d.a.OptionalLiveReloadServer       : LiveReload server is running on port 35729
2020-12-24 00:12:50.241  INFO 6452 --- [restartedMain] o.s.b.w.embedded.tomcat.TomcatWebServer  : Tomcat started on port(s): 8088 (http) with context path ''
2020-12-24 00:12:50.261  INFO 6452 --- [restartedMain] c.assignment.lab.AssignmentApplication   : Started AssignmentApplication in 2.08 seconds (JVM running for 3.299)
2020-12-24 00:12:57.765  INFO 6452 --- [http-nio-8088-exec-1] o.a.c.c.C.[Tomcat].[localhost].[/]       : Initializing Spring DispatcherServlet 'dispatcherServlet'
2020-12-24 00:12:57.766  INFO 6452 --- [http-nio-8088-exec-1] o.s.web.servlet.DispatcherServlet        : Initializing Servlet 'dispatcherServlet'
2020-12-24 00:12:57.768  INFO 6452 --- [http-nio-8088-exec-1] o.s.web.servlet.DispatcherServlet        : Completed initialization in 1 ms
2020-12-24 00:14:23.321  INFO 6452 --- [Thread-5] o.s.s.concurrent.ThreadPoolTaskExecutor  : Shutting down ExecutorService 'applicationTaskExecutor'
2020-12-24 00:14:23.412  INFO 6452 --- [restartedMain] c.assignment.lab.AssignmentApplication   : Starting AssignmentApplication using Java 11.0.7 on DESKTOP-2ETQQKR with PID 6452 (D:\Mareana\EncryptPropertiesCpvMdh\Assignment\target\classes started by hp in D:\Mareana\EncryptPropertiesCpvMdh\Assignment)
2020-12-24 00:14:23.412  INFO 6452 --- [restartedMain] c.assignment.lab.AssignmentApplication   : No active profile set, falling back to default profiles: default
2020-12-24 00:14:23.697  INFO 6452 --- [restartedMain] o.s.b.w.embedded.tomcat.TomcatWebServer  : Tomcat initialized with port(s): 8088 (http)
2020-12-24 00:14:23.701  INFO 6452 --- [restartedMain] o.apache.catalina.core.StandardService   : Starting service [Tomcat]
2020-12-24 00:14:23.701  INFO 6452 --- [restartedMain] org.apache.catalina.core.StandardEngine  : Starting Servlet engine: [Apache Tomcat/9.0.41]
2020-12-24 00:14:23.729  INFO 6452 --- [restartedMain] o.a.c.c.C.[Tomcat].[localhost].[/]       : Initializing Spring embedded WebApplicationContext
2020-12-24 00:14:23.730  INFO 6452 --- [restartedMain] w.s.c.ServletWebServerApplicationContext : Root WebApplicationContext: initialization completed in 315 ms
2020-12-24 00:14:23.821  INFO 6452 --- [restartedMain] o.s.s.concurrent.ThreadPoolTaskExecutor  : Initializing ExecutorService 'applicationTaskExecutor'
2020-12-24 00:14:23.875  INFO 6452 --- [restartedMain] o.s.b.d.a.OptionalLiveReloadServer       : LiveReload server is running on port 35729
2020-12-24 00:14:23.888  INFO 6452 --- [restartedMain] o.s.b.w.embedded.tomcat.TomcatWebServer  : Tomcat started on port(s): 8088 (http) with context path ''
2020-12-24 00:14:23.892  INFO 6452 --- [restartedMain] c.assignment.lab.AssignmentApplication   : Started AssignmentApplication in 0.512 seconds (JVM running for 96.931)
2020-12-24 00:14:23.894  INFO 6452 --- [restartedMain] .ConditionEvaluationDeltaLoggingListener : Condition evaluation unchanged
2020-12-24 00:14:41.643  INFO 6452 --- [Thread-8] o.s.s.concurrent.ThreadPoolTaskExecutor  : Shutting down ExecutorService 'applicationTaskExecutor'
2020-12-24 00:14:41.711  INFO 6452 --- [restartedMain] c.assignment.lab.AssignmentApplication   : Starting AssignmentApplication using Java 11.0.7 on DESKTOP-2ETQQKR with PID 6452 (D:\Mareana\EncryptPropertiesCpvMdh\Assignment\target\classes started by hp in D:\Mareana\EncryptPropertiesCpvMdh\Assignment)
2020-12-24 00:14:41.712  INFO 6452 --- [restartedMain] c.assignment.lab.AssignmentApplication   : No active profile set, falling back to default profiles: default
2020-12-24 00:14:41.962  INFO 6452 --- [restartedMain] o.s.b.w.embedded.tomcat.TomcatWebServer  : Tomcat initialized with port(s): 8088 (http)
2020-12-24 00:14:41.963  INFO 6452 --- [restartedMain] o.apache.catalina.core.StandardService   : Starting service [Tomcat]
2020-12-24 00:14:41.964  INFO 6452 --- [restartedMain] org.apache.catalina.core.StandardEngine  : Starting Servlet engine: [Apache Tomcat/9.0.41]
2020-12-24 00:14:41.983  INFO 6452 --- [restartedMain] o.a.c.c.C.[Tomcat].[localhost].[/]       : Initializing Spring embedded WebApplicationContext
2020-12-24 00:14:41.983  INFO 6452 --- [restartedMain] w.s.c.ServletWebServerApplicationContext : Root WebApplicationContext: initialization completed in 268 ms
2020-12-24 00:14:42.035  INFO 6452 --- [restartedMain] o.s.s.concurrent.ThreadPoolTaskExecutor  : Initializing ExecutorService 'applicationTaskExecutor'
2020-12-24 00:14:42.079  INFO 6452 --- [restartedMain] o.s.b.d.a.OptionalLiveReloadServer       : LiveReload server is running on port 35729
2020-12-24 00:14:42.091  INFO 6452 --- [restartedMain] o.s.b.w.embedded.tomcat.TomcatWebServer  : Tomcat started on port(s): 8088 (http) with context path ''
2020-12-24 00:14:42.096  INFO 6452 --- [restartedMain] c.assignment.lab.AssignmentApplication   : Started AssignmentApplication in 0.412 seconds (JVM running for 115.134)
2020-12-24 00:14:42.097  INFO 6452 --- [restartedMain] .ConditionEvaluationDeltaLoggingListener : Condition evaluation unchanged
2020-12-24 00:14:47.682  INFO 6452 --- [http-nio-8088-exec-2] o.a.c.c.C.[Tomcat].[localhost].[/]       : Initializing Spring DispatcherServlet 'dispatcherServlet'
2020-12-24 00:14:47.683  INFO 6452 --- [http-nio-8088-exec-2] o.s.web.servlet.DispatcherServlet        : Initializing Servlet 'dispatcherServlet'
2020-12-24 00:14:47.684  INFO 6452 --- [http-nio-8088-exec-2] o.s.web.servlet.DispatcherServlet        : Completed initialization in 1 ms
2020-12-24 00:18:37.911  INFO 6452 --- [Thread-13] o.s.s.concurrent.ThreadPoolTaskExecutor  : Shutting down ExecutorService 'applicationTaskExecutor'
2020-12-24 00:18:37.983  INFO 6452 --- [restartedMain] c.assignment.lab.AssignmentApplication   : Starting AssignmentApplication using Java 11.0.7 on DESKTOP-2ETQQKR with PID 6452 (D:\Mareana\EncryptPropertiesCpvMdh\Assignment\target\classes started by hp in D:\Mareana\EncryptPropertiesCpvMdh\Assignment)
2020-12-24 00:18:37.983  INFO 6452 --- [restartedMain] c.assignment.lab.AssignmentApplication   : No active profile set, falling back to default profiles: default
2020-12-24 00:18:38.206  INFO 6452 --- [restartedMain] o.s.b.w.embedded.tomcat.TomcatWebServer  : Tomcat initialized with port(s): 8088 (http)
2020-12-24 00:18:38.207  INFO 6452 --- [restartedMain] o.apache.catalina.core.StandardService   : Starting service [Tomcat]
2020-12-24 00:18:38.207  INFO 6452 --- [restartedMain] org.apache.catalina.core.StandardEngine  : Starting Servlet engine: [Apache Tomcat/9.0.41]
2020-12-24 00:18:38.227  INFO 6452 --- [restartedMain] o.a.c.c.C.[Tomcat].[localhost].[/]       : Initializing Spring embedded WebApplicationContext
2020-12-24 00:18:38.228  INFO 6452 --- [restartedMain] w.s.c.ServletWebServerApplicationContext : Root WebApplicationContext: initialization completed in 242 ms
2020-12-24 00:18:38.274  INFO 6452 --- [restartedMain] o.s.s.concurrent.ThreadPoolTaskExecutor  : Initializing ExecutorService 'applicationTaskExecutor'
2020-12-24 00:18:38.326  INFO 6452 --- [restartedMain] o.s.b.d.a.OptionalLiveReloadServer       : LiveReload server is running on port 35729
2020-12-24 00:18:38.337  INFO 6452 --- [restartedMain] o.s.b.w.embedded.tomcat.TomcatWebServer  : Tomcat started on port(s): 8088 (http) with context path ''
2020-12-24 00:18:38.343  INFO 6452 --- [restartedMain] c.assignment.lab.AssignmentApplication   : Started AssignmentApplication in 0.387 seconds (JVM running for 351.382)
2020-12-24 00:18:38.346  INFO 6452 --- [restartedMain] .ConditionEvaluationDeltaLoggingListener : Condition evaluation unchanged
2020-12-24 00:18:42.064  INFO 6452 --- [http-nio-8088-exec-2] o.a.c.c.C.[Tomcat].[localhost].[/]       : Initializing Spring DispatcherServlet 'dispatcherServlet'
2020-12-24 00:18:42.064  INFO 6452 --- [http-nio-8088-exec-2] o.s.web.servlet.DispatcherServlet        : Initializing Servlet 'dispatcherServlet'
2020-12-24 00:18:42.065  INFO 6452 --- [http-nio-8088-exec-2] o.s.web.servlet.DispatcherServlet        : Completed initialization in 1 ms
2020-12-24 00:20:29.501  INFO 6452 --- [Thread-18] o.s.s.concurrent.ThreadPoolTaskExecutor  : Shutting down ExecutorService 'applicationTaskExecutor'
2020-12-24 00:20:29.577  INFO 6452 --- [restartedMain] c.assignment.lab.AssignmentApplication   : Starting AssignmentApplication using Java 11.0.7 on DESKTOP-2ETQQKR with PID 6452 (D:\Mareana\EncryptPropertiesCpvMdh\Assignment\target\classes started by hp in D:\Mareana\EncryptPropertiesCpvMdh\Assignment)
2020-12-24 00:20:29.577  INFO 6452 --- [restartedMain] c.assignment.lab.AssignmentApplication   : No active profile set, falling back to default profiles: default
2020-12-24 00:20:29.818  INFO 6452 --- [restartedMain] o.s.b.w.embedded.tomcat.TomcatWebServer  : Tomcat initialized with port(s): 8088 (http)
2020-12-24 00:20:29.821  INFO 6452 --- [restartedMain] o.apache.catalina.core.StandardService   : Starting service [Tomcat]
2020-12-24 00:20:29.821  INFO 6452 --- [restartedMain] org.apache.catalina.core.StandardEngine  : Starting Servlet engine: [Apache Tomcat/9.0.41]
2020-12-24 00:20:29.849  INFO 6452 --- [restartedMain] o.a.c.c.C.[Tomcat].[localhost].[/]       : Initializing Spring embedded WebApplicationContext
2020-12-24 00:20:29.849  INFO 6452 --- [restartedMain] w.s.c.ServletWebServerApplicationContext : Root WebApplicationContext: initialization completed in 269 ms
2020-12-24 00:20:29.904  INFO 6452 --- [restartedMain] o.s.s.concurrent.ThreadPoolTaskExecutor  : Initializing ExecutorService 'applicationTaskExecutor'
2020-12-24 00:20:29.954  INFO 6452 --- [restartedMain] o.s.b.d.a.OptionalLiveReloadServer       : LiveReload server is running on port 35729
2020-12-24 00:20:29.973  INFO 6452 --- [restartedMain] o.s.b.w.embedded.tomcat.TomcatWebServer  : Tomcat started on port(s): 8088 (http) with context path ''
2020-12-24 00:20:29.980  INFO 6452 --- [restartedMain] c.assignment.lab.AssignmentApplication   : Started AssignmentApplication in 0.431 seconds (JVM running for 463.018)
2020-12-24 00:20:29.983  INFO 6452 --- [restartedMain] .ConditionEvaluationDeltaLoggingListener : Condition evaluation unchanged
2020-12-24 00:21:16.076  INFO 6452 --- [http-nio-8088-exec-2] o.a.c.c.C.[Tomcat].[localhost].[/]       : Initializing Spring DispatcherServlet 'dispatcherServlet'
2020-12-24 00:21:16.077  INFO 6452 --- [http-nio-8088-exec-2] o.s.web.servlet.DispatcherServlet        : Initializing Servlet 'dispatcherServlet'
2020-12-24 00:21:16.078  INFO 6452 --- [http-nio-8088-exec-2] o.s.web.servlet.DispatcherServlet        : Completed initialization in 1 ms
2020-12-24 00:24:15.739  INFO 6452 --- [Thread-23] o.s.s.concurrent.ThreadPoolTaskExecutor  : Shutting down ExecutorService 'applicationTaskExecutor'
2020-12-24 00:24:15.819  INFO 6452 --- [restartedMain] c.assignment.lab.AssignmentApplication   : Starting AssignmentApplication using Java 11.0.7 on DESKTOP-2ETQQKR with PID 6452 (D:\Mareana\EncryptPropertiesCpvMdh\Assignment\target\classes started by hp in D:\Mareana\EncryptPropertiesCpvMdh\Assignment)
2020-12-24 00:24:15.819  INFO 6452 --- [restartedMain] c.assignment.lab.AssignmentApplication   : No active profile set, falling back to default profiles: default
2020-12-24 00:24:16.031  INFO 6452 --- [restartedMain] o.s.b.w.embedded.tomcat.TomcatWebServer  : Tomcat initialized with port(s): 8088 (http)
2020-12-24 00:24:16.032  INFO 6452 --- [restartedMain] o.apache.catalina.core.StandardService   : Starting service [Tomcat]
2020-12-24 00:24:16.032  INFO 6452 --- [restartedMain] org.apache.catalina.core.StandardEngine  : Starting Servlet engine: [Apache Tomcat/9.0.41]
2020-12-24 00:24:16.052  INFO 6452 --- [restartedMain] o.a.c.c.C.[Tomcat].[localhost].[/]       : Initializing Spring embedded WebApplicationContext
2020-12-24 00:24:16.052  INFO 6452 --- [restartedMain] w.s.c.ServletWebServerApplicationContext : Root WebApplicationContext: initialization completed in 229 ms
2020-12-24 00:24:16.095  INFO 6452 --- [restartedMain] o.s.s.concurrent.ThreadPoolTaskExecutor  : Initializing ExecutorService 'applicationTaskExecutor'
2020-12-24 00:24:16.128  INFO 6452 --- [restartedMain] o.s.b.d.a.OptionalLiveReloadServer       : LiveReload server is running on port 35729
2020-12-24 00:24:16.138  INFO 6452 --- [restartedMain] o.s.b.w.embedded.tomcat.TomcatWebServer  : Tomcat started on port(s): 8088 (http) with context path ''
2020-12-24 00:24:16.142  INFO 6452 --- [restartedMain] c.assignment.lab.AssignmentApplication   : Started AssignmentApplication in 0.355 seconds (JVM running for 689.181)
2020-12-24 00:24:16.144  INFO 6452 --- [restartedMain] .ConditionEvaluationDeltaLoggingListener : Condition evaluation unchanged
2020-12-24 00:29:45.213  INFO 6452 --- [Thread-28] o.s.s.concurrent.ThreadPoolTaskExecutor  : Shutting down ExecutorService 'applicationTaskExecutor'
2020-12-24 00:29:45.305  INFO 6452 --- [restartedMain] c.assignment.lab.AssignmentApplication   : Starting AssignmentApplication using Java 11.0.7 on DESKTOP-2ETQQKR with PID 6452 (D:\Mareana\EncryptPropertiesCpvMdh\Assignment\target\classes started by hp in D:\Mareana\EncryptPropertiesCpvMdh\Assignment)
2020-12-24 00:29:45.305  INFO 6452 --- [restartedMain] c.assignment.lab.AssignmentApplication   : No active profile set, falling back to default profiles: default
2020-12-24 00:29:45.627  INFO 6452 --- [restartedMain] o.s.b.w.embedded.tomcat.TomcatWebServer  : Tomcat initialized with port(s): 8088 (http)
2020-12-24 00:29:45.628  INFO 6452 --- [restartedMain] o.apache.catalina.core.StandardService   : Starting service [Tomcat]
2020-12-24 00:29:45.633  INFO 6452 --- [restartedMain] org.apache.catalina.core.StandardEngine  : Starting Servlet engine: [Apache Tomcat/9.0.41]
2020-12-24 00:29:45.694  INFO 6452 --- [restartedMain] o.a.c.c.C.[Tomcat].[localhost].[/]       : Initializing Spring embedded WebApplicationContext
2020-12-24 00:29:45.694  INFO 6452 --- [restartedMain] w.s.c.ServletWebServerApplicationContext : Root WebApplicationContext: initialization completed in 386 ms
2020-12-24 00:29:45.787  INFO 6452 --- [restartedMain] o.s.s.concurrent.ThreadPoolTaskExecutor  : Initializing ExecutorService 'applicationTaskExecutor'
2020-12-24 00:29:45.838  INFO 6452 --- [restartedMain] o.s.b.d.a.OptionalLiveReloadServer       : LiveReload server is running on port 35729
2020-12-24 00:29:45.856  INFO 6452 --- [restartedMain] o.s.b.w.embedded.tomcat.TomcatWebServer  : Tomcat started on port(s): 8088 (http) with context path ''
2020-12-24 00:29:45.862  INFO 6452 --- [restartedMain] c.assignment.lab.AssignmentApplication   : Started AssignmentApplication in 0.591 seconds (JVM running for 1018.9)
2020-12-24 00:29:45.865  INFO 6452 --- [restartedMain] .ConditionEvaluationDeltaLoggingListener : Condition evaluation unchanged
2020-12-24 00:29:47.549  INFO 6452 --- [Thread-33] o.s.s.concurrent.ThreadPoolTaskExecutor  : Shutting down ExecutorService 'applicationTaskExecutor'
2020-12-24 00:29:47.639  INFO 6452 --- [restartedMain] c.assignment.lab.AssignmentApplication   : Starting AssignmentApplication using Java 11.0.7 on DESKTOP-2ETQQKR with PID 6452 (D:\Mareana\EncryptPropertiesCpvMdh\Assignment\target\classes started by hp in D:\Mareana\EncryptPropertiesCpvMdh\Assignment)
2020-12-24 00:29:47.639  INFO 6452 --- [restartedMain] c.assignment.lab.AssignmentApplication   : No active profile set, falling back to default profiles: default
2020-12-24 00:29:47.871  INFO 6452 --- [restartedMain] o.s.b.w.embedded.tomcat.TomcatWebServer  : Tomcat initialized with port(s): 8088 (http)
2020-12-24 00:29:47.872  INFO 6452 --- [restartedMain] o.apache.catalina.core.StandardService   : Starting service [Tomcat]
2020-12-24 00:29:47.872  INFO 6452 --- [restartedMain] org.apache.catalina.core.StandardEngine  : Starting Servlet engine: [Apache Tomcat/9.0.41]
2020-12-24 00:29:47.893  INFO 6452 --- [restartedMain] o.a.c.c.C.[Tomcat].[localhost].[/]       : Initializing Spring embedded WebApplicationContext
2020-12-24 00:29:47.893  INFO 6452 --- [restartedMain] w.s.c.ServletWebServerApplicationContext : Root WebApplicationContext: initialization completed in 251 ms
2020-12-24 00:29:47.937  INFO 6452 --- [restartedMain] o.s.s.concurrent.ThreadPoolTaskExecutor  : Initializing ExecutorService 'applicationTaskExecutor'
2020-12-24 00:29:47.969  INFO 6452 --- [restartedMain] o.s.b.d.a.OptionalLiveReloadServer       : LiveReload server is running on port 35729
2020-12-24 00:29:47.980  INFO 6452 --- [restartedMain] o.s.b.w.embedded.tomcat.TomcatWebServer  : Tomcat started on port(s): 8088 (http) with context path ''
2020-12-24 00:29:47.985  INFO 6452 --- [restartedMain] c.assignment.lab.AssignmentApplication   : Started AssignmentApplication in 0.383 seconds (JVM running for 1021.023)
2020-12-24 00:29:47.987  INFO 6452 --- [restartedMain] .ConditionEvaluationDeltaLoggingListener : Condition evaluation unchanged
2020-12-24 00:34:31.151  INFO 6452 --- [Thread-38] o.s.s.concurrent.ThreadPoolTaskExecutor  : Shutting down ExecutorService 'applicationTaskExecutor'
2020-12-24 00:34:31.259  INFO 6452 --- [restartedMain] c.assignment.lab.AssignmentApplication   : Starting AssignmentApplication using Java 11.0.7 on DESKTOP-2ETQQKR with PID 6452 (D:\Mareana\EncryptPropertiesCpvMdh\Assignment\target\classes started by hp in D:\Mareana\EncryptPropertiesCpvMdh\Assignment)
2020-12-24 00:34:31.259  INFO 6452 --- [restartedMain] c.assignment.lab.AssignmentApplication   : No active profile set, falling back to default profiles: default
2020-12-24 00:34:31.844  INFO 6452 --- [restartedMain] o.s.b.w.embedded.tomcat.TomcatWebServer  : Tomcat initialized with port(s): 8088 (http)
2020-12-24 00:34:31.846  INFO 6452 --- [restartedMain] o.apache.catalina.core.StandardService   : Starting service [Tomcat]
2020-12-24 00:34:31.847  INFO 6452 --- [restartedMain] org.apache.catalina.core.StandardEngine  : Starting Servlet engine: [Apache Tomcat/9.0.41]
2020-12-24 00:34:31.882  INFO 6452 --- [restartedMain] o.a.c.c.C.[Tomcat].[localhost].[/]       : Initializing Spring embedded WebApplicationContext
2020-12-24 00:34:31.883  INFO 6452 --- [restartedMain] w.s.c.ServletWebServerApplicationContext : Root WebApplicationContext: initialization completed in 620 ms
2020-12-24 00:34:31.945  INFO 6452 --- [restartedMain] o.s.s.concurrent.ThreadPoolTaskExecutor  : Initializing ExecutorService 'applicationTaskExecutor'
2020-12-24 00:34:31.992  INFO 6452 --- [restartedMain] o.s.b.d.a.OptionalLiveReloadServer       : LiveReload server is running on port 35729
2020-12-24 00:34:32.002  INFO 6452 --- [restartedMain] o.s.b.w.embedded.tomcat.TomcatWebServer  : Tomcat started on port(s): 8088 (http) with context path ''
2020-12-24 00:34:32.008  INFO 6452 --- [restartedMain] c.assignment.lab.AssignmentApplication   : Started AssignmentApplication in 0.789 seconds (JVM running for 1305.046)
2020-12-24 00:34:32.010  INFO 6452 --- [restartedMain] .ConditionEvaluationDeltaLoggingListener : Condition evaluation unchanged
2020-12-24 00:34:35.280  WARN 7464 --- [main] ory$DuplicateJsonObjectContextCustomizer : 

Found multiple occurrences of org.json.JSONObject on the class path:

	jar:file:/C:/Users/hp/.m2/repository/org/json/json/20201115/json-20201115.jar!/org/json/JSONObject.class
	jar:file:/C:/Users/hp/.m2/repository/com/vaadin/external/google/android-json/0.0.20131108.vaadin1/android-json-0.0.20131108.vaadin1.jar!/org/json/JSONObject.class

You may wish to exclude one of them to ensure predictable runtime behavior

2020-12-24 00:34:35.342  INFO 7464 --- [main] c.a.lab.AssignmentApplicationTests       : Starting AssignmentApplicationTests using Java 11.0.7 on DESKTOP-2ETQQKR with PID 7464 (started by hp in D:\Mareana\EncryptPropertiesCpvMdh\Assignment)
2020-12-24 00:34:35.348  INFO 7464 --- [main] c.a.lab.AssignmentApplicationTests       : No active profile set, falling back to default profiles: default
2020-12-24 00:34:37.835  INFO 7464 --- [main] o.s.s.concurrent.ThreadPoolTaskExecutor  : Initializing ExecutorService 'applicationTaskExecutor'
2020-12-24 00:34:38.458  INFO 7464 --- [main] c.a.lab.AssignmentApplicationTests       : Started AssignmentApplicationTests in 3.804 seconds (JVM running for 6.382)
2020-12-24 00:34:39.745  INFO 7464 --- [SpringContextShutdownHook] o.s.s.concurrent.ThreadPoolTaskExecutor  : Shutting down ExecutorService 'applicationTaskExecutor'
2020-12-24 00:42:08.883  INFO 6452 --- [http-nio-8088-exec-2] o.a.c.c.C.[Tomcat].[localhost].[/]       : Initializing Spring DispatcherServlet 'dispatcherServlet'
2020-12-24 00:42:08.884  INFO 6452 --- [http-nio-8088-exec-2] o.s.web.servlet.DispatcherServlet        : Initializing Servlet 'dispatcherServlet'
2020-12-24 00:42:08.885  INFO 6452 --- [http-nio-8088-exec-2] o.s.web.servlet.DispatcherServlet        : Completed initialization in 1 ms
2020-12-24 00:50:03.797  INFO 6452 --- [Thread-43] o.s.s.concurrent.ThreadPoolTaskExecutor  : Shutting down ExecutorService 'applicationTaskExecutor'
